c:\users\андрей\desktop\securedisk\securedisk\debug\vc120.pdb
c:\users\андрей\desktop\securedisk\securedisk\debug\storage.obj
c:\users\андрей\desktop\securedisk\securedisk\debug\main.obj
c:\users\андрей\desktop\securedisk\securedisk\debug\keypathdialog.obj
c:\users\андрей\desktop\securedisk\securedisk\debug\generatekey.obj
c:\users\андрей\desktop\securedisk\securedisk\debug\moc_storage.obj
c:\users\андрей\desktop\securedisk\securedisk\debug\moc_securedisk.obj
c:\users\андрей\desktop\securedisk\securedisk\debug\moc_keypathdialog.obj
c:\users\андрей\desktop\securedisk\securedisk\debug\moc_generatekey.obj
c:\users\андрей\desktop\securedisk\securedisk\debug\moc_cryptohandler.obj
c:\users\андрей\desktop\securedisk\securedisk\debug\cryptohandler.obj
c:\users\андрей\desktop\securedisk\securedisk\generatedfiles\debug\moc_securedisk.cpp
c:\users\андрей\desktop\securedisk\securedisk\generatedfiles\ui_securedisk.h
c:\users\андрей\desktop\securedisk\securedisk\generatedfiles\debug\moc_keypathdialog.cpp
c:\users\андрей\desktop\securedisk\securedisk\generatedfiles\debug\moc_storage.cpp
c:\users\андрей\desktop\securedisk\securedisk\generatedfiles\debug\moc_cryptohandler.cpp
c:\users\андрей\desktop\securedisk\securedisk\generatedfiles\qrc_securedisk.cpp
c:\users\андрей\desktop\securedisk\securedisk\generatedfiles\ui_keypathdialog.h
c:\users\андрей\desktop\securedisk\securedisk\generatedfiles\debug\moc_generatekey.cpp
c:\users\андрей\desktop\securedisk\securedisk\generatedfiles\ui_generatekey.h
c:\users\андрей\desktop\securedisk\win32\debug\securedisk.exe
c:\users\андрей\desktop\securedisk\securedisk\debug\securedisk.tlog\cl.command.1.tlog
c:\users\андрей\desktop\securedisk\securedisk\debug\securedisk.tlog\cl.read.1.tlog
c:\users\андрей\desktop\securedisk\securedisk\debug\securedisk.tlog\cl.write.1.tlog
c:\users\андрей\desktop\securedisk\securedisk\debug\securedisk.tlog\custombuild.command.1.tlog
c:\users\андрей\desktop\securedisk\securedisk\debug\securedisk.tlog\custombuild.read.1.tlog
c:\users\андрей\desktop\securedisk\securedisk\debug\securedisk.tlog\custombuild.write.1.tlog
